date       time     [thread name/id ]                   file:line    v |
2025-07-20 19:45:44 [MainThread     ]                log.cpp:279   INFO| Opened log file Hades.log
2025-07-20 19:45:44 [MainThread     ]            program.cpp:1304   DBG| Previous stack guard size was 0 bytes
2025-07-20 19:45:44 [MainThread     ]    platformservice.cpp:386    DBG| Processor Count : 16
2025-07-20 19:45:44 [MainThread     ]            program.cpp:1459   DBG| TotalRam: 17007570944
2025-07-20 19:45:44 [MainThread     ]            program.cpp:1460   DBG| Running Hades in 64-bit
2025-07-20 19:45:44 [MainThread     ]       pcsavedevice.cpp:95    INFO| Opening save file for reading: activeProfile
2025-07-20 19:45:44 [MainThread     ]     binaryloaddata.cpp:11    INFO| Reading 16 bytes
2025-07-20 19:45:44 [MainThread     ]     profilemanager.cpp:40    INFO| Loading default profile C:\Users\sanja\OneDrive\Documents\Saved Games\Hades Profile1
2025-07-20 19:45:44 [MainThread     ]     profilemanager.cpp:182   INFO| ProfileManager::Load(): Profile1.sjson 
2025-07-20 19:45:44 [MainThread     ]       pcsavedevice.cpp:95    INFO| Opening save file for reading: Profile1.sjson
2025-07-20 19:45:44 [MainThread     ]      configoptions.cpp:1392  INFO| ConfigOption: WindowHeight = 1080
2025-07-20 19:45:44 [MainThread     ]      configoptions.cpp:1392  INFO| ConfigOption: NewUpdateSoundRevisionViewed = 35966
2025-07-20 19:45:44 [MainThread     ]      configoptions.cpp:1392  INFO| ConfigOption: LastRoadmapRevisionViewed = 35966
2025-07-20 19:45:44 [MainThread     ]      configoptions.cpp:1406  INFO| ConfigOption: MusicVolume = 0.000000
2025-07-20 19:45:44 [MainThread     ]      configoptions.cpp:1392  INFO| ConfigOption: DisplayIndex = 0
2025-07-20 19:45:44 [MainThread     ]      configoptions.cpp:1385  INFO| ConfigOption: ValidCheckpoint = false
2025-07-20 19:45:44 [MainThread     ]      configoptions.cpp:1392  INFO| ConfigOption: LastPatchNoteRevisionViewed = 35966
2025-07-20 19:45:44 [MainThread     ]      configoptions.cpp:1392  INFO| ConfigOption: ScreenshotCount = 6
2025-07-20 19:45:44 [MainThread     ]      configoptions.cpp:1392  INFO| ConfigOption: ControlsResetRevisionViewed = 35966
2025-07-20 19:45:44 [MainThread     ]      configoptions.cpp:1392  INFO| ConfigOption: Y = 1080
2025-07-20 19:45:44 [MainThread     ]      configoptions.cpp:1392  INFO| ConfigOption: X = 1920
2025-07-20 19:45:44 [MainThread     ]      configoptions.cpp:1385  INFO| ConfigOption: DefaultControlsChosen = true
2025-07-20 19:45:44 [MainThread     ]      configoptions.cpp:1392  INFO| ConfigOption: WindowY = 0
2025-07-20 19:45:44 [MainThread     ]      configoptions.cpp:1392  INFO| ConfigOption: WindowX = 0
2025-07-20 19:45:44 [MainThread     ]      configoptions.cpp:1392  INFO| ConfigOption: WindowWidth = 1920
2025-07-20 19:45:44 [MainThread     ]      configoptions.cpp:1385  INFO| ConfigOption: UseGamepadGlyphs = true
2025-07-20 19:45:44 [MainThread     ]     profilemanager.cpp:202   INFO| Load profile successful
2025-07-20 19:45:44 [MainThread     ]  windowsfilesystem.cpp:209    ERR| Error opening file: C:\Users\sanja\OneDrive\Documents\Saved Games\Hades\DESKTOP-5BOBDIO.sjson -- rb (error: No such file or directory)
2025-07-20 19:45:44 [MainThread     ]  windowsfilesystem.cpp:209    ERR| Error opening file: Z:\Games\HADES\Content\ConfigOptions\DESKTOP-5BOBDIO.sjson -- rb (error: No such file or directory)
2025-07-20 19:45:44 [MainThread     ]      configoptions.cpp:1413  INFO| ConfigOption: NextUpdateDate = NextUpdateCountdownCustom
2025-07-20 19:45:44 [MainThread     ]      configoptions.cpp:1413  INFO| ConfigOption: LastUpdateDate = 07-03-2020
2025-07-20 19:45:44 [MainThread     ]      configoptions.cpp:1413  INFO| ConfigOption: UpdateWarningDate = 11-01-2020
2025-07-20 19:45:44 [MainThread     ]      configoptions.cpp:1413  INFO| ConfigOption: SaveCollectionBeginDate = 06-23-2020
2025-07-20 19:45:44 [MainThread     ]      configoptions.cpp:1413  INFO| ConfigOption: SaveCollectionEndDate = 06-29-2020
2025-07-20 19:45:44 [MainThread     ]     binarysavedata.cpp:13    INFO| Writing 16 bytes
2025-07-20 19:45:44 [MainThread     ]            program.cpp:1513   DBG| Initial startup in 0.0 msec
2025-07-20 19:45:44 [MainThread     ]            program.cpp:1514   DBG| Profile load in 0.0 msec
2025-07-20 19:45:44 [MainThread     ]        windowsbase.cpp:632   INFO| Created window app Hades
2025-07-20 19:45:44 [MainThread     ]          sdlwindow.cpp:26     DBG| SDL Initialized with UseNativeGaInputNoControllers
2025-07-20 19:45:44 [MainThread     ]         resolution.cpp:122    DBG| Monitor modes:
2025-07-20 19:45:44 [MainThread     ]     inputsystemsdl.cpp:738    DBG| InputSystemSDL Initialized with UseNativeGaInputNoControllers
2025-07-20 19:45:44 [MainThread     ]  windowsfilesystem.cpp:209    ERR| Error opening file: Z:\Games\HADES\Content\gamecontrollerdb.txt -- rb (error: No such file or directory)
2025-07-20 19:45:44 [MainThread     ]            gamepad.cpp:175   INFO| Gamepad added: Index = 1, Name = XInput Controller, GUID = 030000005e0400008e02000000007801
2025-07-20 19:45:44 [MainThread     ]         filesystem.cpp:306    ERR| Trying to get an unset resource directory '8', make sure the resourceDirectory is set on start of the application
2025-07-20 19:45:44 [MainThread     ]         direct3d11.cpp:965   INFO| GPU[0] detected. Vendor ID: 10de, Model ID: 1f99, Revision ID: a1, Preset: low, GPU Name: NVIDIA GeForce GTX 1650
2025-07-20 19:45:44 [MainThread     ]      gpudetecthelper.h:158   INFO| ----Begin printing all graphics adapters available on the system----
2025-07-20 19:45:44 [MainThread     ]      gpudetecthelper.h:127   INFO| Adapter Name: Intel(R) UHD Graphics
2025-07-20 19:45:44 [MainThread     ]      gpudetecthelper.h:136   INFO| Driver Version: 30.0.100.9805
2025-07-20 19:45:44 [MainThread     ]      gpudetecthelper.h:145   INFO| Driver Date: 7-23-2021
2025-07-20 19:45:44 [MainThread     ]      gpudetecthelper.h:127   INFO| Adapter Name: NVIDIA GeForce GTX 1650
2025-07-20 19:45:44 [MainThread     ]      gpudetecthelper.h:136   INFO| Driver Version: 32.0.15.7688
2025-07-20 19:45:44 [MainThread     ]      gpudetecthelper.h:145   INFO| Driver Date: 6-24-2025
2025-07-20 19:45:44 [MainThread     ]      gpudetecthelper.h:160   INFO| ----Finish printing all graphics adapters available on the system----
2025-07-20 19:45:44 [MainThread     ]         direct3d11.cpp:989   INFO| GPU[0] is selected as default GPU
2025-07-20 19:45:44 [MainThread     ]         direct3d11.cpp:990   INFO| Name of selected gpu: NVIDIA GeForce GTX 1650
2025-07-20 19:45:44 [MainThread     ]         direct3d11.cpp:991   INFO| Vendor id of selected gpu: 0x10de
2025-07-20 19:45:44 [MainThread     ]         direct3d11.cpp:992   INFO| Model id of selected gpu: 0x1f99
2025-07-20 19:45:44 [MainThread     ]         direct3d11.cpp:993   INFO| Revision id of selected gpu: 0xa1
2025-07-20 19:45:44 [MainThread     ]         direct3d11.cpp:994   INFO| Preset of selected gpu: low
2025-07-20 19:45:44 [MainThread     ]      gpudetecthelper.h:127   INFO| Adapter Name: NVIDIA GeForce GTX 1650
2025-07-20 19:45:44 [MainThread     ]      gpudetecthelper.h:136   INFO| Driver Version: 32.0.15.7688
2025-07-20 19:45:44 [MainThread     ]      gpudetecthelper.h:145   INFO| Driver Date: 6-24-2025
2025-07-20 19:45:44 [MainThread     ]         direct3d11.cpp:1464  INFO| Swapchain creation SUCCEEDED with SwapEffect 0
2025-07-20 19:45:44 [MainThread     ]                app.cpp:150   INFO| Starting app: Release 35966
2025-07-20 19:45:44 [MainThread     ]                app.cpp:167    DBG| Pool logging: 1
2025-07-20 19:45:44 [MainThread     ]         resolution.cpp:35     DBG| ____________________________________CalculateViewportForAspectRatio __________________
2025-07-20 19:45:44 [MainThread     ]         resolution.cpp:36     DBG| Target Aspect Ratio :1.777778
2025-07-20 19:45:44 [MainThread     ]         resolution.cpp:37     DBG| Screen width: 1920 height: 1080
2025-07-20 19:45:44 [MainThread     ]         resolution.cpp:38     DBG| keepAspectRatio: 1
2025-07-20 19:45:44 [MainThread     ]         resolution.cpp:42     DBG| actualAspectRatio :1.777778
2025-07-20 19:45:44 [MainThread     ]         resolution.cpp:46     DBG| height for letterBoxing  :1080
2025-07-20 19:45:44 [MainThread     ]         resolution.cpp:49     DBG| LetterBoxing  :0
2025-07-20 19:45:44 [MainThread     ]         resolution.cpp:69     DBG| ____________________________________CalculateViewportForAspectRatio __________________
2025-07-20 19:45:44 [MainThread     ]         resolution.cpp:87     DBG| ____________________________________Resolution::Resize __________________
2025-07-20 19:45:44 [MainThread     ]         resolution.cpp:88     DBG| VIEWPORT: X: 0  Y: 0 W: 1920 H: 1080
2025-07-20 19:45:44 [MainThread     ]         resolution.cpp:89     DBG| SCALE: X: 1.000000 Y: 1.000000
2025-07-20 19:45:44 [MainThread     ]         resolution.cpp:90     DBG| FULL_VIEWPORT: X: 0  Y: 0 W: 1920 H: 1080
2025-07-20 19:45:44 [MainThread     ]         resolution.cpp:91     DBG| ____________________________________Resolution::Resize__________________
2025-07-20 19:45:44 [MainThread     ]                app.cpp:174    DBG| Initializing graphics device: 1920x1080
2025-07-20 19:45:44 [MainThread     ]                app.cpp:181    DBG| Setting fullscreen: true
2025-07-20 19:45:44 [MainThread     ]                app.cpp:211    DBG| Create components
2025-07-20 19:45:44 [MainThread     ]                app.cpp:232    DBG| Full screen bloom
2025-07-20 19:45:44 [MainThread     ]                app.cpp:236    DBG| Frame rate counter
2025-07-20 19:45:44 [MainThread     ]                app.cpp:242    DBG| Done with constructor
2025-07-20 19:45:44 [MainThread     ]                app.cpp:245    DBG| Setting RandomSeed: 254960895
2025-07-20 19:45:44 [MainThread     ]                app.cpp:414    DBG| App Initialize
2025-07-20 19:45:44 [MainThread     ]                app.cpp:425    DBG| numWorkers = 6
2025-07-20 19:45:44 [MainThread     ]         direct3d11.cpp:2804  INFO| Descriptor (Sampler) : User specified Static Sampler
2025-07-20 19:45:44 [MainThread     ]         direct3d11.cpp:2804  INFO| Descriptor (Sampler) : User specified Static Sampler
2025-07-20 19:45:44 [MainThread     ]         direct3d11.cpp:2804  INFO| Descriptor (Sampler) : User specified Static Sampler
2025-07-20 19:45:44 [MainThread     ]         direct3d11.cpp:2804  INFO| Descriptor (Sampler) : User specified Static Sampler
2025-07-20 19:45:44 [MainThread     ]         direct3d11.cpp:2804  INFO| Descriptor (Sampler) : User specified Static Sampler
2025-07-20 19:45:44 [MainThread     ]         direct3d11.cpp:2804  INFO| Descriptor (Sampler) : User specified Static Sampler
2025-07-20 19:45:44 [MainThread     ]         direct3d11.cpp:2804  INFO| Descriptor (Sampler) : User specified Static Sampler
2025-07-20 19:45:44 [MainThread     ]         direct3d11.cpp:2804  INFO| Descriptor (Sampler) : User specified Static Sampler
2025-07-20 19:45:44 [MainThread     ]         direct3d11.cpp:2804  INFO| Descriptor (Sampler) : User specified Static Sampler
2025-07-20 19:45:44 [MainThread     ]         direct3d11.cpp:2804  INFO| Descriptor (Sampler) : User specified Static Sampler
2025-07-20 19:45:44 [MainThread     ]         direct3d11.cpp:2804  INFO| Descriptor (Sampler) : User specified Static Sampler
2025-07-20 19:45:44 [MainThread     ]         direct3d11.cpp:2804  INFO| Descriptor (Sampler) : User specified Static Sampler
2025-07-20 19:45:44 [MainThread     ]         direct3d11.cpp:2804  INFO| Descriptor (Sampler) : User specified Static Sampler
2025-07-20 19:45:44 [MainThread     ]         direct3d11.cpp:2804  INFO| Descriptor (Sampler) : User specified Static Sampler
2025-07-20 19:45:44 [MainThread     ]         direct3d11.cpp:2804  INFO| Descriptor (Sampler) : User specified Static Sampler
2025-07-20 19:45:44 [MainThread     ]         direct3d11.cpp:2804  INFO| Descriptor (Sampler) : User specified Static Sampler
2025-07-20 19:45:44 [MainThread     ]         direct3d11.cpp:2804  INFO| Descriptor (Sampler) : User specified Static Sampler
2025-07-20 19:45:44 [MainThread     ]         direct3d11.cpp:2804  INFO| Descriptor (Sampler) : User specified Static Sampler
2025-07-20 19:45:44 [MainThread     ]         direct3d11.cpp:2804  INFO| Descriptor (Sampler) : User specified Static Sampler
2025-07-20 19:45:44 [MainThread     ]         direct3d11.cpp:2804  INFO| Descriptor (Sampler) : User specified Static Sampler
2025-07-20 19:45:44 [MainThread     ]         direct3d11.cpp:2804  INFO| Descriptor (Sampler) : User specified Static Sampler
2025-07-20 19:45:44 [MainThread     ]         direct3d11.cpp:2804  INFO| Descriptor (Sampler) : User specified Static Sampler
2025-07-20 19:45:44 [MainThread     ]         direct3d11.cpp:2804  INFO| Descriptor (Sampler) : User specified Static Sampler
2025-07-20 19:45:44 [MainThread     ]         direct3d11.cpp:2804  INFO| Descriptor (Sampler) : User specified Static Sampler
2025-07-20 19:45:44 [MainThread     ]         direct3d11.cpp:2804  INFO| Descriptor (Sampler) : User specified Static Sampler
2025-07-20 19:45:44 [MainThread     ]         direct3d11.cpp:2804  INFO| Descriptor (Sampler) : User specified Static Sampler
2025-07-20 19:45:44 [MainThread     ]         direct3d11.cpp:2804  INFO| Descriptor (Sampler) : User specified Static Sampler
2025-07-20 19:45:44 [MainThread     ]         direct3d11.cpp:2804  INFO| Descriptor (Sampler) : User specified Static Sampler
2025-07-20 19:45:44 [MainThread     ]         direct3d11.cpp:2804  INFO| Descriptor (Sampler) : User specified Static Sampler
2025-07-20 19:45:44 [MainThread     ]         direct3d11.cpp:2804  INFO| Descriptor (Sampler) : User specified Static Sampler
2025-07-20 19:45:44 [MainThread     ]         direct3d11.cpp:2804  INFO| Descriptor (Sampler) : User specified Static Sampler
2025-07-20 19:45:44 [MainThread     ]         direct3d11.cpp:2804  INFO| Descriptor (Sampler) : User specified Static Sampler
2025-07-20 19:45:44 [MainThread     ]         direct3d11.cpp:2804  INFO| Descriptor (Sampler) : User specified Static Sampler
2025-07-20 19:45:44 [MainThread     ]         direct3d11.cpp:2804  INFO| Descriptor (Sampler) : User specified Static Sampler
2025-07-20 19:45:44 [MainThread     ]         direct3d11.cpp:2804  INFO| Descriptor (Sampler) : User specified Static Sampler
2025-07-20 19:45:44 [MainThread     ]         direct3d11.cpp:2804  INFO| Descriptor (Sampler) : User specified Static Sampler
2025-07-20 19:45:44 [MainThread     ]         direct3d11.cpp:2804  INFO| Descriptor (Sampler) : User specified Static Sampler
2025-07-20 19:45:44 [MainThread     ]         direct3d11.cpp:2804  INFO| Descriptor (Sampler) : User specified Static Sampler
2025-07-20 19:45:44 [MainThread     ]         direct3d11.cpp:2804  INFO| Descriptor (Sampler) : User specified Static Sampler
2025-07-20 19:45:44 [MainThread     ]         direct3d11.cpp:2804  INFO| Descriptor (Sampler) : User specified Static Sampler
2025-07-20 19:45:44 [MainThread     ]         direct3d11.cpp:2804  INFO| Descriptor (Sampler) : User specified Static Sampler
2025-07-20 19:45:44 [MainThread     ]         direct3d11.cpp:2804  INFO| Descriptor (Sampler) : User specified Static Sampler
2025-07-20 19:45:44 [MainThread     ]         direct3d11.cpp:2804  INFO| Descriptor (Sampler) : User specified Static Sampler
2025-07-20 19:45:44 [MainThread     ]         direct3d11.cpp:2804  INFO| Descriptor (Sampler) : User specified Static Sampler
2025-07-20 19:45:44 [MainThread     ]         direct3d11.cpp:2804  INFO| Descriptor (Sampler) : User specified Static Sampler
2025-07-20 19:45:44 [MainThread     ]         direct3d11.cpp:2804  INFO| Descriptor (Sampler) : User specified Static Sampler
2025-07-20 19:45:44 [MainThread     ]         direct3d11.cpp:2804  INFO| Descriptor (Sampler) : User specified Static Sampler
2025-07-20 19:45:44 [MainThread     ]         direct3d11.cpp:2804  INFO| Descriptor (Sampler) : User specified Static Sampler
2025-07-20 19:45:44 [MainThread     ]         direct3d11.cpp:2804  INFO| Descriptor (Sampler) : User specified Static Sampler
2025-07-20 19:45:44 [MainThread     ]         direct3d11.cpp:2804  INFO| Descriptor (Sampler) : User specified Static Sampler
2025-07-20 19:45:44 [MainThread     ]         direct3d11.cpp:2804  INFO| Descriptor (Sampler) : User specified Static Sampler
2025-07-20 19:45:44 [MainThread     ]         direct3d11.cpp:2804  INFO| Descriptor (Sampler) : User specified Static Sampler
2025-07-20 19:45:44 [MainThread     ]         direct3d11.cpp:2804  INFO| Descriptor (Sampler) : User specified Static Sampler
2025-07-20 19:45:44 [MainThread     ]         direct3d11.cpp:2804  INFO| Descriptor (Sampler) : User specified Static Sampler
2025-07-20 19:45:44 [MainThread     ]         direct3d11.cpp:2804  INFO| Descriptor (Sampler) : User specified Static Sampler
2025-07-20 19:45:44 [MainThread     ]         direct3d11.cpp:2804  INFO| Descriptor (Sampler) : User specified Static Sampler
2025-07-20 19:45:44 [MainThread     ]         direct3d11.cpp:2804  INFO| Descriptor (Sampler) : User specified Static Sampler
2025-07-20 19:45:44 [MainThread     ]   gameassetmanager.cpp:516   INFO| Loading package: Launch.pkg
2025-07-20 19:45:44 [MainThread     ]   gameassetmanager.cpp:546   INFO| Package Loaded: Launch
2025-07-20 19:45:44 [MainThread     ]      screenmanager.cpp:112    DBG| Load Launch Pkg took 0.008113 seconds
2025-07-20 19:45:44 [MainThread     ]   gameassetmanager.cpp:516   INFO| Loading package: Dev.pkg
2025-07-20 19:45:44 [MainThread     ]   gameassetmanager.cpp:546   INFO| Package Loaded: Dev
2025-07-20 19:45:44 [MainThread     ]      screenmanager.cpp:118    DBG| Dev Pkg took 0.072234 seconds
2025-07-20 19:45:44 [MainThread     ]  windowsfilesystem.cpp:209    ERR| Error opening file: Z:\Games\HADES\Content\Win\Fonts\en\Fonts.remap -- rb (error: No such file or directory)
2025-07-20 19:45:44 [MainThread     ]  windowsfilesystem.cpp:209    ERR| Error opening file: Z:\Games\HADES\Content\Win\Fonts\en\Fonts.remap -- rb (error: No such file or directory)
2025-07-20 19:45:44 [MainThread     ]      screenmanager.cpp:125    DBG| Localization::Init() took 0.021967 seconds
2025-07-20 19:45:44 [MainThread     ]             luaext.cpp:423   INFO| Lua interface destroyed
2025-07-20 19:45:45 [NoName         ]       pcsavedevice.cpp:95    INFO| Opening save file for reading: Profile1.ctrls
2025-07-20 19:45:45 [NoName         ]     binaryloaddata.cpp:11    INFO| Reading 966 bytes
2025-07-20 19:45:45 [MainThread     ]    gamedatamanager.cpp:355   INFO| Reading game data from Z:\Games\HADES\Content\Game
2025-07-20 19:45:45 [MainThread     ]                app.cpp:331    DBG| App.resize 1920x1080
2025-07-20 19:45:45 [MainThread     ]         resolution.cpp:35     DBG| ____________________________________CalculateViewportForAspectRatio __________________
2025-07-20 19:45:45 [MainThread     ]         resolution.cpp:36     DBG| Target Aspect Ratio :1.777778
2025-07-20 19:45:45 [MainThread     ]         resolution.cpp:37     DBG| Screen width: 1920 height: 1080
2025-07-20 19:45:45 [MainThread     ]         resolution.cpp:38     DBG| keepAspectRatio: 1
2025-07-20 19:45:45 [MainThread     ]         resolution.cpp:42     DBG| actualAspectRatio :1.777778
2025-07-20 19:45:45 [MainThread     ]         resolution.cpp:46     DBG| height for letterBoxing  :1080
2025-07-20 19:45:45 [MainThread     ]         resolution.cpp:49     DBG| LetterBoxing  :0
2025-07-20 19:45:45 [MainThread     ]         resolution.cpp:69     DBG| ____________________________________CalculateViewportForAspectRatio __________________
2025-07-20 19:45:45 [MainThread     ]         resolution.cpp:87     DBG| ____________________________________Resolution::Resize __________________
2025-07-20 19:45:45 [MainThread     ]         resolution.cpp:88     DBG| VIEWPORT: X: 0  Y: 0 W: 1920 H: 1080
2025-07-20 19:45:45 [MainThread     ]         resolution.cpp:89     DBG| SCALE: X: 1.000000 Y: 1.000000
2025-07-20 19:45:45 [MainThread     ]         resolution.cpp:90     DBG| FULL_VIEWPORT: X: 0  Y: 0 W: 1920 H: 1080
2025-07-20 19:45:45 [MainThread     ]         resolution.cpp:91     DBG| ____________________________________Resolution::Resize__________________
2025-07-20 19:45:45 [MainThread     ]       launchscreen.cpp:135    DBG| new LaunchScreen
2025-07-20 19:45:45 [NoName         ]       audiomanager.cpp:312    DBG| AudioManager.Initialize
2025-07-20 19:45:45 [MainThread     ]            program.cpp:1901  INFO| Application Init+Load 1.120000
2025-07-20 19:45:45 [MainThread     ]            program.cpp:1915   DBG| User Document Path found!!
2025-07-20 19:45:45 [MainThread     ]            program.cpp:1929   DBG| Log file created
2025-07-20 19:45:45 [MainThread     ]        windowsbase.cpp:1082  INFO| Application Init+Load 1.120000
2025-07-20 19:45:45 [NoName         ]       audiomanager.cpp:372    DBG| FMOD Default Rate 48000 Mode 0 Speakers 0 Software Channels: 64
2025-07-20 19:45:45 [NoName         ]       audiomanager.cpp:378    DBG| FMOD changed to Rate: 48000 Mode: 3 Speakers: 2 Software Channels: 64
2025-07-20 19:45:45 [NoName         ]       launchscreen.cpp:62     DBG| Load Manifests took 0.119897
2025-07-20 19:45:45 [NoName         ]       launchscreen.cpp:86     DBG| binkAtlases took 0.075231
2025-07-20 19:45:45 [NoName         ]       launchscreen.cpp:103    DBG| Load BasePackages took 0.127090
2025-07-20 19:45:45 [GameAssetManagerLoadThread]   gameassetmanager.cpp:516   INFO| Loading package: GUI.pkg
2025-07-20 19:45:45 [NoName         ]       audiomanager.cpp:431    DBG| FMOD post init Rate 48000 Mode 3 Speakers 2
2025-07-20 19:45:45 [NoName         ]       audiomanager.cpp:636    DBG| Loading bank: MasterBank.bank
2025-07-20 19:45:45 [NoName         ]       audiomanager.cpp:636    DBG| Loading bank: MasterBank.strings.bank
2025-07-20 19:45:45 [NoName         ]       audiomanager.cpp:636    DBG| Loading bank: Ambience.bank
2025-07-20 19:45:45 [NoName         ]       audiomanager.cpp:636    DBG| Loading bank: Music.bank
2025-07-20 19:45:45 [NoName         ]       audiomanager.cpp:636    DBG| Loading bank: Sounds.bank
2025-07-20 19:45:46 [NoName         ]       audiomanager.cpp:784    DBG| AudioManager categories loaded
2025-07-20 19:45:46 [NoName         ]       audiomanager.cpp:451    DBG| AudioManager.FModStartup complete
2025-07-20 19:45:46 [NoName         ]       audiomanager.cpp:322    DBG| AudioManager.Initialize complete
2025-07-20 19:45:46 [NoName         ]       launchscreen.cpp:119    DBG| AudioManager::Initialize took 0.834565
2025-07-20 19:45:46 [MainThread     ]            program.cpp:336   INFO| Window Inactive
2025-07-20 19:45:46 [GameAssetManagerLoadThread]   gameassetmanager.cpp:546   INFO| Package Loaded: GUI
2025-07-20 19:45:46 [GameAssetManagerLoadThread]   gameassetmanager.cpp:516   INFO| Loading package: GUI_Mouse.pkg
2025-07-20 19:45:46 [GameAssetManagerLoadThread]   gameassetmanager.cpp:546   INFO| Package Loaded: GUI_Mouse
2025-07-20 19:45:46 [GameAssetManagerLoadThread]   gameassetmanager.cpp:516   INFO| Loading package: Fx.pkg
2025-07-20 19:45:47 [GameAssetManagerLoadThread]   gameassetmanager.cpp:546   INFO| Package Loaded: Fx
2025-07-20 19:45:47 [GameAssetManagerLoadThread]   gameassetmanager.cpp:516   INFO| Loading package: RoomManager.pkg
2025-07-20 19:45:47 [GameAssetManagerLoadThread]   gameassetmanager.cpp:546   INFO| Package Loaded: RoomManager
2025-07-20 19:45:47 [GameAssetManagerLoadThread]   gameassetmanager.cpp:516   INFO| Loading package: UIScripts.pkg
2025-07-20 19:45:47 [GameAssetManagerLoadThread]   gameassetmanager.cpp:546   INFO| Package Loaded: UIScripts
2025-07-20 19:45:47 [NoName         ]       launchscreen.cpp:105    DBG| Finished AssetManager Loading 
2025-07-20 19:45:47 [NoName         ]    gamedatamanager.cpp:822   INFO| Reading game data from Z:\Games\HADES\Content\Game
2025-07-20 19:45:47 [NoName         ]    gamedatamanager.cpp:836    DBG| ReadUnitData took 0.004445 seconds
2025-07-20 19:45:47 [NoName         ]    gamedatamanager.cpp:905    DBG| ReadWeaponData took 0.010875 seconds
2025-07-20 19:45:47 [NoName         ]    gamedatamanager.cpp:927    DBG| Projectile took 0.014041 seconds
2025-07-20 19:45:47 [NoName         ]    gamedatamanager.cpp:942    DBG| ReadObstacleData took 0.026880 seconds
2025-07-20 19:45:47 [NoName         ]    gamedatamanager.cpp:955    DBG| Other Dat took 0.001918 seconds
2025-07-20 19:45:47 [NoName         ]     binaryloaddata.cpp:11    INFO| Reading 32202 bytes
2025-07-20 19:45:47 [NoName         ]     binaryloaddata.cpp:11    INFO| Reading 128202 bytes
2025-07-20 19:45:47 [NoName         ]     binaryloaddata.cpp:11    INFO| Reading 28362 bytes
2025-07-20 19:45:47 [NoName         ]     binaryloaddata.cpp:11    INFO| Reading 2602 bytes
2025-07-20 19:45:47 [NoName         ]     binaryloaddata.cpp:11    INFO| Reading 39882 bytes
2025-07-20 19:45:47 [NoName         ]     binaryloaddata.cpp:11    INFO| Reading 19402 bytes
2025-07-20 19:45:47 [NoName         ]     binaryloaddata.cpp:11    INFO| Reading 30922 bytes
2025-07-20 19:45:47 [NoName         ]     binaryloaddata.cpp:11    INFO| Reading 32202 bytes
2025-07-20 19:45:47 [NoName         ]     binaryloaddata.cpp:11    INFO| Reading 38602 bytes
2025-07-20 19:45:47 [NoName         ]     binaryloaddata.cpp:11    INFO| Reading 38602 bytes
2025-07-20 19:45:47 [NoName         ]     binaryloaddata.cpp:11    INFO| Reading 32202 bytes
2025-07-20 19:45:47 [NoName         ]     binaryloaddata.cpp:11    INFO| Reading 38602 bytes
2025-07-20 19:45:47 [NoName         ]     binaryloaddata.cpp:11    INFO| Reading 184559 bytes
2025-07-20 19:45:47 [NoName         ]     binaryloaddata.cpp:11    INFO| Reading 69359 bytes
2025-07-20 19:45:47 [NoName         ]     binaryloaddata.cpp:11    INFO| Reading 115439 bytes
2025-07-20 19:45:47 [NoName         ]     binaryloaddata.cpp:11    INFO| Reading 19439 bytes
2025-07-20 19:45:47 [NoName         ]     binaryloaddata.cpp:11    INFO| Reading 1401 bytes
2025-07-20 19:45:47 [NoName         ]     binaryloaddata.cpp:11    INFO| Reading 8161 bytes
2025-07-20 19:45:47 [NoName         ]     binaryloaddata.cpp:11    INFO| Reading 53961 bytes
2025-07-20 19:45:47 [NoName         ]     binaryloaddata.cpp:11    INFO| Reading 36041 bytes
2025-07-20 19:45:47 [NoName         ]     binaryloaddata.cpp:11    INFO| Reading 10441 bytes
2025-07-20 19:45:47 [NoName         ]     binaryloaddata.cpp:11    INFO| Reading 33481 bytes
2025-07-20 19:45:47 [NoName         ]     binaryloaddata.cpp:11    INFO| Reading 1401 bytes
2025-07-20 19:45:47 [NoName         ]     binaryloaddata.cpp:11    INFO| Reading 3561 bytes
2025-07-20 19:45:47 [NoName         ]     binaryloaddata.cpp:11    INFO| Reading 51401 bytes
2025-07-20 19:45:47 [NoName         ]     binaryloaddata.cpp:11    INFO| Reading 61641 bytes
2025-07-20 19:45:47 [NoName         ]     binaryloaddata.cpp:11    INFO| Reading 8761 bytes
2025-07-20 19:45:47 [NoName         ]     binaryloaddata.cpp:11    INFO| Reading 6161 bytes
2025-07-20 19:45:47 [NoName         ]     binaryloaddata.cpp:11    INFO| Reading 59721 bytes
2025-07-20 19:45:47 [NoName         ]     binaryloaddata.cpp:11    INFO| Reading 52681 bytes
2025-07-20 19:45:47 [NoName         ]     binaryloaddata.cpp:11    INFO| Reading 128201 bytes
2025-07-20 19:45:47 [NoName         ]     binaryloaddata.cpp:11    INFO| Reading 224201 bytes
2025-07-20 19:45:47 [NoName         ]     binaryloaddata.cpp:11    INFO| Reading 107721 bytes
2025-07-20 19:45:47 [NoName         ]     binaryloaddata.cpp:11    INFO| Reading 56521 bytes
2025-07-20 19:45:47 [NoName         ]     binaryloaddata.cpp:11    INFO| Reading 10441 bytes
2025-07-20 19:45:47 [NoName         ]     binaryloaddata.cpp:11    INFO| Reading 3801 bytes
2025-07-20 19:45:47 [NoName         ]     binaryloaddata.cpp:11    INFO| Reading 45436 bytes
2025-07-20 19:45:47 [NoName         ]     binaryloaddata.cpp:11    INFO| Reading 1564 bytes
2025-07-20 19:45:47 [NoName         ]     binaryloaddata.cpp:11    INFO| Reading 41596 bytes
2025-07-20 19:45:47 [NoName         ]     binaryloaddata.cpp:11    INFO| Reading 30844 bytes
2025-07-20 19:45:47 [NoName         ]     binaryloaddata.cpp:11    INFO| Reading 38524 bytes
2025-07-20 19:45:47 [NoName         ]     binaryloaddata.cpp:11    INFO| Reading 23164 bytes
2025-07-20 19:45:47 [NoName         ]     binaryloaddata.cpp:11    INFO| Reading 92284 bytes
2025-07-20 19:45:47 [NoName         ]     binaryloaddata.cpp:11    INFO| Reading 32380 bytes
2025-07-20 19:45:47 [NoName         ]     binaryloaddata.cpp:11    INFO| Reading 75940 bytes
2025-07-20 19:45:47 [NoName         ]     binaryloaddata.cpp:11    INFO| Reading 101540 bytes
2025-07-20 19:45:47 [NoName         ]     binaryloaddata.cpp:11    INFO| Reading 71844 bytes
2025-07-20 19:45:47 [NoName         ]     binaryloaddata.cpp:11    INFO| Reading 119972 bytes
2025-07-20 19:45:47 [NoName         ]     binaryloaddata.cpp:11    INFO| Reading 17572 bytes
2025-07-20 19:45:47 [NoName         ]     binaryloaddata.cpp:11    INFO| Reading 24740 bytes
2025-07-20 19:45:47 [NoName         ]     binaryloaddata.cpp:11    INFO| Reading 29860 bytes
2025-07-20 19:45:47 [NoName         ]     binaryloaddata.cpp:11    INFO| Reading 50340 bytes
2025-07-20 19:45:47 [NoName         ]     binaryloaddata.cpp:11    INFO| Reading 47771 bytes
2025-07-20 19:45:47 [NoName         ]     binaryloaddata.cpp:11    INFO| Reading 107803 bytes
2025-07-20 19:45:47 [NoName         ]     binaryloaddata.cpp:11    INFO| Reading 107803 bytes
2025-07-20 19:45:47 [NoName         ]     binaryloaddata.cpp:11    INFO| Reading 107803 bytes
2025-07-20 19:45:47 [NoName         ]     binaryloaddata.cpp:11    INFO| Reading 114971 bytes
2025-07-20 19:45:47 [NoName         ]     binaryloaddata.cpp:11    INFO| Reading 215323 bytes
2025-07-20 19:45:47 [NoName         ]     binaryloaddata.cpp:11    INFO| Reading 57627 bytes
2025-07-20 19:45:47 [NoName         ]     binaryloaddata.cpp:11    INFO| Reading 183067 bytes
2025-07-20 19:45:47 [NoName         ]     binaryloaddata.cpp:11    INFO| Reading 179483 bytes
2025-07-20 19:45:47 [NoName         ]     binaryloaddata.cpp:11    INFO| Reading 55835 bytes
2025-07-20 19:45:47 [NoName         ]     binaryloaddata.cpp:11    INFO| Reading 37915 bytes
2025-07-20 19:45:47 [NoName         ]     binaryloaddata.cpp:11    INFO| Reading 54043 bytes
2025-07-20 19:45:47 [NoName         ]     binaryloaddata.cpp:11    INFO| Reading 114971 bytes
2025-07-20 19:45:47 [NoName         ]     binaryloaddata.cpp:11    INFO| Reading 57627 bytes
2025-07-20 19:45:47 [NoName         ]     binaryloaddata.cpp:11    INFO| Reading 89883 bytes
2025-07-20 19:45:47 [NoName         ]     binaryloaddata.cpp:11    INFO| Reading 111387 bytes
2025-07-20 19:45:47 [NoName         ]     binaryloaddata.cpp:11    INFO| Reading 140059 bytes
2025-07-20 19:45:47 [NoName         ]     binaryloaddata.cpp:11    INFO| Reading 55835 bytes
2025-07-20 19:45:47 [NoName         ]     binaryloaddata.cpp:11    INFO| Reading 54043 bytes
2025-07-20 19:45:47 [NoName         ]     binaryloaddata.cpp:11    INFO| Reading 57627 bytes
2025-07-20 19:45:47 [NoName         ]     binaryloaddata.cpp:11    INFO| Reading 114971 bytes
2025-07-20 19:45:47 [NoName         ]     binaryloaddata.cpp:11    INFO| Reading 215323 bytes
2025-07-20 19:45:47 [NoName         ]     binaryloaddata.cpp:11    INFO| Reading 8795 bytes
2025-07-20 19:45:47 [NoName         ]     binaryloaddata.cpp:11    INFO| Reading 57627 bytes
2025-07-20 19:45:47 [NoName         ]     binaryloaddata.cpp:11    INFO| Reading 236827 bytes
2025-07-20 19:45:47 [NoName         ]     binaryloaddata.cpp:11    INFO| Reading 36123 bytes
2025-07-20 19:45:47 [NoName         ]     binaryloaddata.cpp:11    INFO| Reading 89883 bytes
2025-07-20 19:45:47 [NoName         ]     binaryloaddata.cpp:11    INFO| Reading 197403 bytes
2025-07-20 19:45:47 [NoName         ]     binaryloaddata.cpp:11    INFO| Reading 45083 bytes
2025-07-20 19:45:47 [NoName         ]     binaryloaddata.cpp:11    INFO| Reading 45083 bytes
2025-07-20 19:45:47 [NoName         ]     binaryloaddata.cpp:11    INFO| Reading 54043 bytes
2025-07-20 19:45:47 [NoName         ]     binaryloaddata.cpp:11    INFO| Reading 86299 bytes
2025-07-20 19:45:47 [NoName         ]     binaryloaddata.cpp:11    INFO| Reading 136475 bytes
2025-07-20 19:45:47 [NoName         ]     binaryloaddata.cpp:11    INFO| Reading 138267 bytes
2025-07-20 19:45:47 [NoName         ]     binaryloaddata.cpp:11    INFO| Reading 114971 bytes
2025-07-20 19:45:47 [NoName         ]     binaryloaddata.cpp:11    INFO| Reading 57627 bytes
2025-07-20 19:45:47 [NoName         ]     binaryloaddata.cpp:11    INFO| Reading 57627 bytes
2025-07-20 19:45:47 [NoName         ]     binaryloaddata.cpp:11    INFO| Reading 57627 bytes
2025-07-20 19:45:47 [NoName         ]     binaryloaddata.cpp:11    INFO| Reading 57627 bytes
2025-07-20 19:45:47 [NoName         ]     binaryloaddata.cpp:11    INFO| Reading 57627 bytes
2025-07-20 19:45:47 [NoName         ]     binaryloaddata.cpp:11    INFO| Reading 186651 bytes
2025-07-20 19:45:47 [NoName         ]     binaryloaddata.cpp:11    INFO| Reading 143643 bytes
2025-07-20 19:45:47 [NoName         ]     binaryloaddata.cpp:11    INFO| Reading 161563 bytes
2025-07-20 19:45:47 [NoName         ]     binaryloaddata.cpp:11    INFO| Reading 54043 bytes
2025-07-20 19:45:47 [NoName         ]     binaryloaddata.cpp:11    INFO| Reading 57627 bytes
2025-07-20 19:45:47 [NoName         ]     binaryloaddata.cpp:11    INFO| Reading 269083 bytes
2025-07-20 19:45:47 [NoName         ]     binaryloaddata.cpp:11    INFO| Reading 304923 bytes
2025-07-20 19:45:47 [NoName         ]     binaryloaddata.cpp:11    INFO| Reading 63003 bytes
2025-07-20 19:45:47 [NoName         ]     binaryloaddata.cpp:11    INFO| Reading 204571 bytes
2025-07-20 19:45:47 [NoName         ]     binaryloaddata.cpp:11    INFO| Reading 150811 bytes
2025-07-20 19:45:47 [NoName         ]     binaryloaddata.cpp:11    INFO| Reading 134683 bytes
2025-07-20 19:45:47 [NoName         ]     binaryloaddata.cpp:11    INFO| Reading 107803 bytes
2025-07-20 19:45:47 [NoName         ]     binaryloaddata.cpp:11    INFO| Reading 27163 bytes
2025-07-20 19:45:47 [NoName         ]     binaryloaddata.cpp:11    INFO| Reading 229659 bytes
2025-07-20 19:45:47 [NoName         ]     binaryloaddata.cpp:11    INFO| Reading 28955 bytes
2025-07-20 19:45:47 [NoName         ]     binaryloaddata.cpp:11    INFO| Reading 304923 bytes
2025-07-20 19:45:47 [NoName         ]     binaryloaddata.cpp:11    INFO| Reading 236827 bytes
2025-07-20 19:45:47 [NoName         ]     binaryloaddata.cpp:11    INFO| Reading 71963 bytes
2025-07-20 19:45:47 [NoName         ]     binaryloaddata.cpp:11    INFO| Reading 122139 bytes
2025-07-20 19:45:47 [NoName         ]     binaryloaddata.cpp:11    INFO| Reading 168295 bytes
2025-07-20 19:45:47 [NoName         ]     binaryloaddata.cpp:11    INFO| Reading 114971 bytes
2025-07-20 19:45:47 [NoName         ]     binaryloaddata.cpp:11    INFO| Reading 118555 bytes
2025-07-20 19:45:47 [NoName         ]     binaryloaddata.cpp:11    INFO| Reading 63003 bytes
2025-07-20 19:45:47 [NoName         ]     binaryloaddata.cpp:11    INFO| Reading 114971 bytes
2025-07-20 19:45:47 [NoName         ]     binaryloaddata.cpp:11    INFO| Reading 134683 bytes
2025-07-20 19:45:47 [NoName         ]     binaryloaddata.cpp:11    INFO| Reading 111387 bytes
2025-07-20 19:45:47 [NoName         ]     binaryloaddata.cpp:11    INFO| Reading 63003 bytes
2025-07-20 19:45:47 [NoName         ]     binaryloaddata.cpp:11    INFO| Reading 89883 bytes
2025-07-20 19:45:47 [NoName         ]     binaryloaddata.cpp:11    INFO| Reading 107803 bytes
2025-07-20 19:45:47 [NoName         ]     binaryloaddata.cpp:11    INFO| Reading 125723 bytes
2025-07-20 19:45:47 [NoName         ]     binaryloaddata.cpp:11    INFO| Reading 154395 bytes
2025-07-20 19:45:47 [NoName         ]     binaryloaddata.cpp:11    INFO| Reading 63003 bytes
2025-07-20 19:45:47 [NoName         ]     binaryloaddata.cpp:11    INFO| Reading 114971 bytes
2025-07-20 19:45:47 [NoName         ]     binaryloaddata.cpp:11    INFO| Reading 114971 bytes
2025-07-20 19:45:47 [NoName         ]     binaryloaddata.cpp:11    INFO| Reading 63003 bytes
2025-07-20 19:45:47 [NoName         ]     binaryloaddata.cpp:11    INFO| Reading 114971 bytes
2025-07-20 19:45:47 [NoName         ]     binaryloaddata.cpp:11    INFO| Reading 111387 bytes
2025-07-20 19:45:47 [NoName         ]     binaryloaddata.cpp:11    INFO| Reading 149915 bytes
2025-07-20 19:45:47 [NoName         ]     binaryloaddata.cpp:11    INFO| Reading 89883 bytes
2025-07-20 19:45:47 [NoName         ]     binaryloaddata.cpp:11    INFO| Reading 159323 bytes
2025-07-20 19:45:47 [NoName         ]     binaryloaddata.cpp:11    INFO| Reading 116763 bytes
2025-07-20 19:45:47 [NoName         ]     binaryloaddata.cpp:11    INFO| Reading 44187 bytes
2025-07-20 19:45:47 [NoName         ]     binaryloaddata.cpp:11    INFO| Reading 22683 bytes
2025-07-20 19:45:47 [NoName         ]     binaryloaddata.cpp:11    INFO| Reading 125723 bytes
2025-07-20 19:45:47 [NoName         ]     binaryloaddata.cpp:11    INFO| Reading 18203 bytes
2025-07-20 19:45:47 [NoName         ]    gamedatamanager.cpp:978    DBG| ReadAnimationData took 0.493467 seconds
2025-07-20 19:45:48 [NoName         ]    gamedatamanager.cpp:983    DBG| ReadTextData took 0.066136 seconds
2025-07-20 19:45:48 [NoName         ]    gamedatamanager.cpp:991    DBG| ReadGameData took 0.618102 seconds
2025-07-20 19:45:56 [MainThread     ]            program.cpp:324   INFO| Window Active
2025-07-20 19:45:56 [MainThread     ]            program.cpp:324   INFO| Window Active
2025-07-20 19:45:56 [MainThread     ]       launchscreen.cpp:301    DBG| Done with boot load
2025-07-20 19:45:56 [MainThread     ]           ingameui.cpp:43    INFO| InGameUI Construct
2025-07-20 19:45:58 [MainThread     ]       launchscreen.cpp:658    DBG| Launch took 14.099664 seconds
2025-07-20 19:46:13 [MainThread     ] remoteprofilescreen.cpp:578    DBG| ActiveProfile = Profile1
2025-07-20 19:46:13 [MainThread     ] remoteprofilescreen.cpp:592    DBG| Profile1 == Profile1, ActiveProfile Index = 0
2025-07-20 19:46:13 [MainThread     ] remoteprofilescreen.cpp:653    DBG| Finishing Creating Components For RemoteProfileScreen
2025-07-20 19:46:13 [NoName         ] remoteprofilescreen.cpp:69     DBG| SetupProfiles
2025-07-20 19:46:13 [NoName         ]         platformfile.h:187    DBG| WindowsFile::DirectoryGetFiles(  C:\Users\sanja\OneDrive\Documents\Saved Games\Hades  ,  , *.sjson  )
2025-07-20 19:46:13 [NoName         ]         platformfile.h:187    DBG| WindowsFile::DirectoryGetFiles(  C:\Users\sanja\OneDrive\Documents\Saved Games\Hades  ,  , *.xml  )
2025-07-20 19:46:13 [NoName         ]         platformfile.h:187    DBG| WindowsFile::DirectoryGetFiles(  C:\Users\sanja\OneDrive\Documents\Saved Games\Hades  ,  , *.sav  )
2025-07-20 19:46:13 [NoName         ] remoteprofilescreen.cpp:76     DBG| Total saves :3
2025-07-20 19:46:13 [NoName         ] remoteprofilescreen.cpp:475    DBG| Getting Preferred Save
2025-07-20 19:46:13 [NoName         ] remoteprofilescreen.cpp:483    DBG| MainSaveInfo
2025-07-20 19:46:13 [NoName         ]    progressmanager.cpp:562   INFO| ProgressManager.load Profile1.sav IPlatformSaveDevice
2025-07-20 19:46:13 [NoName         ]       pcsavedevice.cpp:95    INFO| Opening save file for reading: Profile1.sav
2025-07-20 19:46:13 [NoName         ]     binaryloaddata.cpp:11    INFO| Reading 437150 bytes
2025-07-20 19:46:13 [NoName         ]    progressmanager.cpp:601   INFO| Load succeeded
2025-07-20 19:46:13 [NoName         ] remoteprofilescreen.cpp:501    DBG| tempSaveInfo
2025-07-20 19:46:13 [NoName         ]    progressmanager.cpp:562   INFO| ProgressManager.load Profile1_Temp.sav IPlatformSaveDevice
2025-07-20 19:46:13 [NoName         ]       pcsavedevice.cpp:95    INFO| Opening save file for reading: Profile1_Temp.sav
2025-07-20 19:46:13 [NoName         ]     binaryloaddata.cpp:11    INFO| Reading 428835 bytes
2025-07-20 19:46:13 [NoName         ]    progressmanager.cpp:601   INFO| Load succeeded
2025-07-20 19:46:13 [NoName         ] remoteprofilescreen.cpp:519    DBG| mainSaveIndex >
2025-07-20 19:46:13 [NoName         ] remoteprofilescreen.cpp:88     DBG| localSaveFileName  :Profile1.sav
2025-07-20 19:46:13 [NoName         ] remoteprofilescreen.cpp:91     DBG| !saveFileName.empty()
2025-07-20 19:46:13 [NoName         ] remoteprofilescreen.cpp:95     DBG| mProfileButtons[i]->mDataValue :Profile1
2025-07-20 19:46:13 [NoName         ] remoteprofilescreen.cpp:475    DBG| Getting Preferred Save
2025-07-20 19:46:13 [NoName         ] remoteprofilescreen.cpp:483    DBG| MainSaveInfo
2025-07-20 19:46:13 [NoName         ] remoteprofilescreen.cpp:501    DBG| tempSaveInfo
2025-07-20 19:46:13 [NoName         ] remoteprofilescreen.cpp:519    DBG| mainSaveIndex >
2025-07-20 19:46:13 [NoName         ] remoteprofilescreen.cpp:526    DBG| tempSaveIndex >
2025-07-20 19:46:13 [NoName         ] remoteprofilescreen.cpp:551    DBG| mainSaveIndex >=0
2025-07-20 19:46:13 [NoName         ] remoteprofilescreen.cpp:88     DBG| localSaveFileName  :
2025-07-20 19:46:13 [NoName         ] remoteprofilescreen.cpp:475    DBG| Getting Preferred Save
2025-07-20 19:46:13 [NoName         ] remoteprofilescreen.cpp:483    DBG| MainSaveInfo
2025-07-20 19:46:13 [NoName         ] remoteprofilescreen.cpp:501    DBG| tempSaveInfo
2025-07-20 19:46:13 [NoName         ] remoteprofilescreen.cpp:519    DBG| mainSaveIndex >
2025-07-20 19:46:13 [NoName         ] remoteprofilescreen.cpp:526    DBG| tempSaveIndex >
2025-07-20 19:46:13 [NoName         ] remoteprofilescreen.cpp:551    DBG| mainSaveIndex >=0
2025-07-20 19:46:13 [NoName         ] remoteprofilescreen.cpp:88     DBG| localSaveFileName  :
2025-07-20 19:46:13 [NoName         ] remoteprofilescreen.cpp:475    DBG| Getting Preferred Save
2025-07-20 19:46:13 [NoName         ] remoteprofilescreen.cpp:483    DBG| MainSaveInfo
2025-07-20 19:46:13 [NoName         ] remoteprofilescreen.cpp:501    DBG| tempSaveInfo
2025-07-20 19:46:13 [NoName         ] remoteprofilescreen.cpp:519    DBG| mainSaveIndex >
2025-07-20 19:46:13 [NoName         ] remoteprofilescreen.cpp:526    DBG| tempSaveIndex >
2025-07-20 19:46:13 [NoName         ] remoteprofilescreen.cpp:551    DBG| mainSaveIndex >=0
2025-07-20 19:46:13 [NoName         ] remoteprofilescreen.cpp:88     DBG| localSaveFileName  :
2025-07-20 19:46:13 [MainThread     ] remoteprofilescreen.cpp:712    DBG| Enter Profile Button
2025-07-20 19:46:14 [MainThread     ] remoteprofilescreen.cpp:354    DBG| Enter StartOrContinueGame
2025-07-20 19:46:14 [MainThread     ] remoteprofilescreen.cpp:374    DBG| loading CheckPoint
2025-07-20 19:46:14 [MainThread     ] remoteprofilescreen.cpp:388    DBG| Exit StartOrContinueGame
2025-07-20 19:46:14 [MainThread     ]    progressmanager.cpp:969   INFO| ProgressManager.load Profile1.sav IPlatformSaveDevice
2025-07-20 19:46:14 [NoName         ]       pcsavedevice.cpp:95    INFO| Opening save file for reading: Profile1.sav
2025-07-20 19:46:14 [NoName         ]     binaryloaddata.cpp:11    INFO| Reading 437150 bytes
2025-07-20 19:46:14 [MainThread     ]    progressmanager.cpp:1031  INFO| Load succeeded
2025-07-20 19:46:14 [MainThread     ]                app.cpp:1431   DBG| App.Reset Start
2025-07-20 19:46:14 [MainThread     ] guicomponentreflectionh:83     DBG| Trying to remove component which was not reflected: CloudMarker
2025-07-20 19:46:14 [MainThread     ] guicomponentreflectionh:83     DBG| Trying to remove component which was not reflected: HardModeButton
2025-07-20 19:46:14 [MainThread     ] guicomponentreflectionh:83     DBG| Trying to remove component which was not reflected: DeleteButton
2025-07-20 19:46:14 [MainThread     ] guicomponentreflectionh:83     DBG| Trying to remove component which was not reflected: ProfileButton
2025-07-20 19:46:14 [MainThread     ] guicomponentreflectionh:83     DBG| Trying to remove component which was not reflected: CloudMarker
2025-07-20 19:46:14 [MainThread     ] guicomponentreflectionh:83     DBG| Trying to remove component which was not reflected: HardModeButton
2025-07-20 19:46:14 [MainThread     ] guicomponentreflectionh:83     DBG| Trying to remove component which was not reflected: DeleteButton
2025-07-20 19:46:14 [MainThread     ] guicomponentreflectionh:83     DBG| Trying to remove component which was not reflected: ProfileButton
2025-07-20 19:46:14 [MainThread     ] guicomponentreflectionh:83     DBG| Trying to remove component which was not reflected: CloudMarker
2025-07-20 19:46:14 [MainThread     ] guicomponentreflectionh:83     DBG| Trying to remove component which was not reflected: HardModeButton
2025-07-20 19:46:14 [MainThread     ] guicomponentreflectionh:83     DBG| Trying to remove component which was not reflected: DeleteButton
2025-07-20 19:46:14 [MainThread     ] guicomponentreflectionh:83     DBG| Trying to remove component which was not reflected: ProfileButton
2025-07-20 19:46:14 [MainThread     ] guicomponentreflectionh:83     DBG| Trying to remove component which was not reflected: CloudMarker
2025-07-20 19:46:14 [MainThread     ] guicomponentreflectionh:83     DBG| Trying to remove component which was not reflected: HardModeButton
2025-07-20 19:46:14 [MainThread     ] guicomponentreflectionh:83     DBG| Trying to remove component which was not reflected: DeleteButton
2025-07-20 19:46:14 [MainThread     ] guicomponentreflectionh:83     DBG| Trying to remove component which was not reflected: ProfileButton
2025-07-20 19:46:14 [MainThread     ]             luaext.cpp:423   INFO| Lua interface destroyed
2025-07-20 19:46:14 [MainThread     ]       audiomanager.cpp:155    DBG| AudioManager.reset
2025-07-20 19:46:14 [MainThread     ]       audiomanager.cpp:3248   DBG| AudioManager.reset, excludeId = -1, fullWipe = true
2025-07-20 19:46:14 [MainThread     ]       pcsavedevice.cpp:95    INFO| Opening save file for reading: activeProfile
2025-07-20 19:46:14 [MainThread     ]     binaryloaddata.cpp:11    INFO| Reading 16 bytes
2025-07-20 19:46:14 [MainThread     ]     profilemanager.cpp:40    INFO| Loading default profile C:\Users\sanja\OneDrive\Documents\Saved Games\Hades Profile1
2025-07-20 19:46:14 [MainThread     ]     profilemanager.cpp:182   INFO| ProfileManager::Load(): Profile1.sjson 
2025-07-20 19:46:14 [MainThread     ]       pcsavedevice.cpp:95    INFO| Opening save file for reading: Profile1.sjson
2025-07-20 19:46:14 [MainThread     ]      configoptions.cpp:1392  INFO| ConfigOption: WindowHeight = 1080
2025-07-20 19:46:14 [MainThread     ]      configoptions.cpp:1392  INFO| ConfigOption: NewUpdateSoundRevisionViewed = 35966
2025-07-20 19:46:14 [MainThread     ]      configoptions.cpp:1392  INFO| ConfigOption: LastRoadmapRevisionViewed = 35966
2025-07-20 19:46:14 [MainThread     ]      configoptions.cpp:1406  INFO| ConfigOption: MusicVolume = 0.000000
2025-07-20 19:46:14 [MainThread     ]      configoptions.cpp:1392  INFO| ConfigOption: DisplayIndex = 0
2025-07-20 19:46:14 [MainThread     ]      configoptions.cpp:1385  INFO| ConfigOption: ValidCheckpoint = false
2025-07-20 19:46:14 [MainThread     ]      configoptions.cpp:1392  INFO| ConfigOption: LastPatchNoteRevisionViewed = 35966
2025-07-20 19:46:14 [MainThread     ]      configoptions.cpp:1392  INFO| ConfigOption: ScreenshotCount = 6
2025-07-20 19:46:14 [MainThread     ]      configoptions.cpp:1392  INFO| ConfigOption: ControlsResetRevisionViewed = 35966
2025-07-20 19:46:14 [MainThread     ]      configoptions.cpp:1392  INFO| ConfigOption: Y = 1080
2025-07-20 19:46:14 [MainThread     ]      configoptions.cpp:1392  INFO| ConfigOption: X = 1920
2025-07-20 19:46:14 [MainThread     ]      configoptions.cpp:1385  INFO| ConfigOption: DefaultControlsChosen = true
2025-07-20 19:46:14 [MainThread     ]      configoptions.cpp:1392  INFO| ConfigOption: WindowY = 0
2025-07-20 19:46:14 [MainThread     ]      configoptions.cpp:1392  INFO| ConfigOption: WindowX = 0
2025-07-20 19:46:14 [MainThread     ]      configoptions.cpp:1392  INFO| ConfigOption: WindowWidth = 1920
2025-07-20 19:46:14 [MainThread     ]      configoptions.cpp:1385  INFO| ConfigOption: UseGamepadGlyphs = true
2025-07-20 19:46:14 [MainThread     ]     profilemanager.cpp:202   INFO| Load profile successful
2025-07-20 19:46:14 [MainThread     ]  windowsfilesystem.cpp:209    ERR| Error opening file: C:\Users\sanja\OneDrive\Documents\Saved Games\Hades\DESKTOP-5BOBDIO.sjson -- rb (error: No such file or directory)
2025-07-20 19:46:14 [MainThread     ]  windowsfilesystem.cpp:209    ERR| Error opening file: Z:\Games\HADES\Content\ConfigOptions\DESKTOP-5BOBDIO.sjson -- rb (error: No such file or directory)
2025-07-20 19:46:14 [MainThread     ]      configoptions.cpp:1413  INFO| ConfigOption: NextUpdateDate = NextUpdateCountdownCustom
2025-07-20 19:46:14 [MainThread     ]      configoptions.cpp:1413  INFO| ConfigOption: LastUpdateDate = 07-03-2020
2025-07-20 19:46:14 [MainThread     ]      configoptions.cpp:1413  INFO| ConfigOption: UpdateWarningDate = 11-01-2020
2025-07-20 19:46:14 [MainThread     ]      configoptions.cpp:1413  INFO| ConfigOption: SaveCollectionBeginDate = 06-23-2020
2025-07-20 19:46:14 [MainThread     ]      configoptions.cpp:1413  INFO| ConfigOption: SaveCollectionEndDate = 06-29-2020
2025-07-20 19:46:14 [MainThread     ]     binarysavedata.cpp:13    INFO| Writing 16 bytes
2025-07-20 19:46:14 [MainThread     ]                app.cpp:1482   DBG| App.Reset Finished
2025-07-20 19:46:14 [MainThread     ]              world.cpp:1483  INFO| World::Begin()  -> DeathAreaBedroom
2025-07-20 19:46:14 [MainThread     ]       audiomanager.cpp:925    DBG| Unloading map banks
2025-07-20 19:46:14 [NoName         ]              world.cpp:1298  INFO| Loading next map: DeathAreaBedroom
2025-07-20 19:46:14 [NoName         ]              world.cpp:1336  INFO| PreScriptLoad
2025-07-20 19:46:14 [NoName         ]     binaryloaddata.cpp:11    INFO| Reading 93596 bytes
2025-07-20 19:46:14 [NoName         ]       audiomanager.cpp:885    DBG| Loading map banks for: DeathAreaBedroom
2025-07-20 19:46:14 [NoName         ]       audiomanager.cpp:636    DBG| Loading bank: DeathArea.bank
2025-07-20 19:46:15 [NoName         ]    progressmanager.cpp:892   INFO| ProgressManager::LoadLua 436718 -> 2060469 4.718077 : 0.021256 s
2025-07-20 19:46:15 [NoName         ]              world.cpp:1338  INFO| PreScriptLoad Done
2025-07-20 19:46:15 [NoName         ]              world.cpp:1329   DBG| Map Load took 0.025253
2025-07-20 19:46:15 [NoName         ]              world.cpp:1354   DBG| load packages took 0.023174
2025-07-20 19:46:15 [GameAssetManagerLoadThread]   gameassetmanager.cpp:516   INFO| Loading package: DeathArea.pkg
2025-07-20 19:46:15 [NoName         ]              world.cpp:1376   DBG| loadScriptsTask Done 
2025-07-20 19:46:15 [GameAssetManagerLoadThread]   gameassetmanager.cpp:546   INFO| Package Loaded: DeathArea
2025-07-20 19:46:15 [NoName         ]              world.cpp:1380   DBG| Finished Asset Loading 
2025-07-20 19:46:15 [NoName         ]              world.cpp:1387   DBG| Calling PostLoad
2025-07-20 19:46:15 [GameAssetManagerLoadThread]   gameassetmanager.cpp:516   INFO| Loading package: ZeusUpgrade.pkg
2025-07-20 19:46:15 [GameAssetManagerLoadThread]   gameassetmanager.cpp:546   INFO| Package Loaded: ZeusUpgrade
2025-07-20 19:46:15 [NoName         ]  windowsfilesystem.cpp:209    ERR| Error opening file: Z:\Games\HADES\Content\Win\Packages\HermesUpgrade.pkg_manifest -- rb (error: No such file or directory)
2025-07-20 19:46:15 [NoName         ]  windowsfilesystem.cpp:209    ERR| Error opening file: Z:\Games\HADES\Content\Win\Packages\HermesUpgrade.pkg_manifest -- rb (error: No such file or directory)
2025-07-20 19:46:15 [GameAssetManagerLoadThread]   gameassetmanager.cpp:516   INFO| Loading package: HermesUpgrade.pkg
2025-07-20 19:46:15 [GameAssetManagerLoadThread]  windowsfilesystem.cpp:209    ERR| Error opening file: Z:\Games\HADES\Content\Win\Packages\HermesUpgrade.pkg_manifest -- rb (error: No such file or directory)
2025-07-20 19:46:15 [GameAssetManagerLoadThread]  windowsfilesystem.cpp:209    ERR| Error opening file: Z:\Games\HADES\Content\Win\Packages\HermesUpgrade.pkg -- rb (error: No such file or directory)
2025-07-20 19:46:15 [GameAssetManagerLoadThread]   gameassetmanager.cpp:405    ERR| Package load failed HermesUpgrade.pkg
2025-07-20 19:46:15 [GameAssetManagerLoadThread]   gameassetmanager.cpp:546   INFO| Package Loaded: HermesUpgrade
2025-07-20 19:46:15 [NoName         ]  windowsfilesystem.cpp:209    ERR| Error opening file: Z:\Games\HADES\Content\Win\Packages\WeaponUpgrade.pkg_manifest -- rb (error: No such file or directory)
2025-07-20 19:46:15 [NoName         ]  windowsfilesystem.cpp:209    ERR| Error opening file: Z:\Games\HADES\Content\Win\Packages\WeaponUpgrade.pkg_manifest -- rb (error: No such file or directory)
2025-07-20 19:46:15 [NoName         ]  windowsfilesystem.cpp:209    ERR| Error opening file: Z:\Games\HADES\Content\Win\Packages\StackUpgrade.pkg_manifest -- rb (error: No such file or directory)
2025-07-20 19:46:15 [NoName         ]  windowsfilesystem.cpp:209    ERR| Error opening file: Z:\Games\HADES\Content\Win\Packages\StackUpgrade.pkg_manifest -- rb (error: No such file or directory)
2025-07-20 19:46:15 [GameAssetManagerLoadThread]   gameassetmanager.cpp:516   INFO| Loading package: PoseidonUpgrade.pkg
2025-07-20 19:46:15 [GameAssetManagerLoadThread]   gameassetmanager.cpp:546   INFO| Package Loaded: PoseidonUpgrade
2025-07-20 19:46:15 [GameAssetManagerLoadThread]   gameassetmanager.cpp:516   INFO| Loading package: ArtemisUpgrade.pkg
2025-07-20 19:46:15 [GameAssetManagerLoadThread]   gameassetmanager.cpp:546   INFO| Package Loaded: ArtemisUpgrade
2025-07-20 19:46:15 [GameAssetManagerLoadThread]   gameassetmanager.cpp:516   INFO| Loading package: WeaponUpgrade.pkg
2025-07-20 19:46:15 [GameAssetManagerLoadThread]  windowsfilesystem.cpp:209    ERR| Error opening file: Z:\Games\HADES\Content\Win\Packages\WeaponUpgrade.pkg_manifest -- rb (error: No such file or directory)
2025-07-20 19:46:15 [GameAssetManagerLoadThread]  windowsfilesystem.cpp:209    ERR| Error opening file: Z:\Games\HADES\Content\Win\Packages\WeaponUpgrade.pkg -- rb (error: No such file or directory)
2025-07-20 19:46:15 [GameAssetManagerLoadThread]   gameassetmanager.cpp:405    ERR| Package load failed WeaponUpgrade.pkg
2025-07-20 19:46:15 [GameAssetManagerLoadThread]   gameassetmanager.cpp:546   INFO| Package Loaded: WeaponUpgrade
2025-07-20 19:46:15 [GameAssetManagerLoadThread]   gameassetmanager.cpp:516   INFO| Loading package: AthenaUpgrade.pkg
2025-07-20 19:46:15 [GameAssetManagerLoadThread]   gameassetmanager.cpp:546   INFO| Package Loaded: AthenaUpgrade
2025-07-20 19:46:15 [GameAssetManagerLoadThread]   gameassetmanager.cpp:516   INFO| Loading package: StackUpgrade.pkg
2025-07-20 19:46:15 [GameAssetManagerLoadThread]  windowsfilesystem.cpp:209    ERR| Error opening file: Z:\Games\HADES\Content\Win\Packages\StackUpgrade.pkg_manifest -- rb (error: No such file or directory)
2025-07-20 19:46:15 [GameAssetManagerLoadThread]  windowsfilesystem.cpp:209    ERR| Error opening file: Z:\Games\HADES\Content\Win\Packages\StackUpgrade.pkg -- rb (error: No such file or directory)
2025-07-20 19:46:15 [GameAssetManagerLoadThread]   gameassetmanager.cpp:405    ERR| Package load failed StackUpgrade.pkg
2025-07-20 19:46:15 [GameAssetManagerLoadThread]   gameassetmanager.cpp:546   INFO| Package Loaded: StackUpgrade
2025-07-20 19:46:15 [NoName         ]  windowsfilesystem.cpp:209    ERR| Error opening file: Z:\Games\HADES\Content\Win\Packages\TrialUpgrade.pkg_manifest -- rb (error: No such file or directory)
2025-07-20 19:46:15 [NoName         ]  windowsfilesystem.cpp:209    ERR| Error opening file: Z:\Games\HADES\Content\Win\Packages\TrialUpgrade.pkg_manifest -- rb (error: No such file or directory)
2025-07-20 19:46:15 [GameAssetManagerLoadThread]   gameassetmanager.cpp:516   INFO| Loading package: TrialUpgrade.pkg
2025-07-20 19:46:15 [GameAssetManagerLoadThread]  windowsfilesystem.cpp:209    ERR| Error opening file: Z:\Games\HADES\Content\Win\Packages\TrialUpgrade.pkg_manifest -- rb (error: No such file or directory)
2025-07-20 19:46:15 [GameAssetManagerLoadThread]  windowsfilesystem.cpp:209    ERR| Error opening file: Z:\Games\HADES\Content\Win\Packages\TrialUpgrade.pkg -- rb (error: No such file or directory)
2025-07-20 19:46:15 [GameAssetManagerLoadThread]   gameassetmanager.cpp:405    ERR| Package load failed TrialUpgrade.pkg
2025-07-20 19:46:15 [GameAssetManagerLoadThread]   gameassetmanager.cpp:546   INFO| Package Loaded: TrialUpgrade
2025-07-20 19:46:15 [NoName         ]              world.cpp:1389   DBG| Finished PostLaod
2025-07-20 19:46:15 [NoName         ]              world.cpp:1391   DBG| Finished Asset Loading 
2025-07-20 19:46:15 [NoName         ]              world.cpp:1396   DBG| end of postLoadTask
2025-07-20 19:46:16 [MainThread     ]  windowsfilesystem.cpp:209    ERR| Error opening file: Z:\Games\HADES\Content\Win\Packages\RushWeapon.pkg_manifest -- rb (error: No such file or directory)
2025-07-20 19:46:16 [GameAssetManagerLoadThread]   gameassetmanager.cpp:516   INFO| Loading package: RushWeapon.pkg
2025-07-20 19:46:16 [GameAssetManagerLoadThread]  windowsfilesystem.cpp:209    ERR| Error opening file: Z:\Games\HADES\Content\Win\Packages\RushWeapon.pkg_manifest -- rb (error: No such file or directory)
2025-07-20 19:46:16 [GameAssetManagerLoadThread]  windowsfilesystem.cpp:209    ERR| Error opening file: Z:\Games\HADES\Content\Win\Packages\RushWeapon.pkg -- rb (error: No such file or directory)
2025-07-20 19:46:16 [GameAssetManagerLoadThread]   gameassetmanager.cpp:405    ERR| Package load failed RushWeapon.pkg
2025-07-20 19:46:16 [GameAssetManagerLoadThread]   gameassetmanager.cpp:546   INFO| Package Loaded: RushWeapon
2025-07-20 19:46:16 [MainThread     ]  windowsfilesystem.cpp:209    ERR| Error opening file: Z:\Games\HADES\Content\Win\Packages\RangedWeapon.pkg_manifest -- rb (error: No such file or directory)
2025-07-20 19:46:16 [MainThread     ]  windowsfilesystem.cpp:209    ERR| Error opening file: Z:\Games\HADES\Content\Win\Packages\FistWeapon.pkg_manifest -- rb (error: No such file or directory)
2025-07-20 19:46:16 [GameAssetManagerLoadThread]   gameassetmanager.cpp:516   INFO| Loading package: RangedWeapon.pkg
2025-07-20 19:46:16 [GameAssetManagerLoadThread]  windowsfilesystem.cpp:209    ERR| Error opening file: Z:\Games\HADES\Content\Win\Packages\RangedWeapon.pkg_manifest -- rb (error: No such file or directory)
2025-07-20 19:46:16 [GameAssetManagerLoadThread]  windowsfilesystem.cpp:209    ERR| Error opening file: Z:\Games\HADES\Content\Win\Packages\RangedWeapon.pkg -- rb (error: No such file or directory)
2025-07-20 19:46:16 [GameAssetManagerLoadThread]   gameassetmanager.cpp:405    ERR| Package load failed RangedWeapon.pkg
2025-07-20 19:46:16 [GameAssetManagerLoadThread]   gameassetmanager.cpp:546   INFO| Package Loaded: RangedWeapon
2025-07-20 19:46:16 [GameAssetManagerLoadThread]   gameassetmanager.cpp:516   INFO| Loading package: FistWeapon.pkg
2025-07-20 19:46:16 [GameAssetManagerLoadThread]  windowsfilesystem.cpp:209    ERR| Error opening file: Z:\Games\HADES\Content\Win\Packages\FistWeapon.pkg_manifest -- rb (error: No such file or directory)
2025-07-20 19:46:16 [GameAssetManagerLoadThread]  windowsfilesystem.cpp:209    ERR| Error opening file: Z:\Games\HADES\Content\Win\Packages\FistWeapon.pkg -- rb (error: No such file or directory)
2025-07-20 19:46:16 [GameAssetManagerLoadThread]   gameassetmanager.cpp:405    ERR| Package load failed FistWeapon.pkg
2025-07-20 19:46:16 [GameAssetManagerLoadThread]   gameassetmanager.cpp:546   INFO| Package Loaded: FistWeapon
2025-07-20 19:46:16 [MainThread     ]  windowsfilesystem.cpp:209    ERR| Error opening file: Z:\Games\HADES\Content\Win\Packages\FistWeaponSpecial.pkg_manifest -- rb (error: No such file or directory)
2025-07-20 19:46:16 [GameAssetManagerLoadThread]   gameassetmanager.cpp:516   INFO| Loading package: FistWeaponSpecial.pkg
2025-07-20 19:46:16 [GameAssetManagerLoadThread]  windowsfilesystem.cpp:209    ERR| Error opening file: Z:\Games\HADES\Content\Win\Packages\FistWeaponSpecial.pkg_manifest -- rb (error: No such file or directory)
2025-07-20 19:46:16 [GameAssetManagerLoadThread]  windowsfilesystem.cpp:209    ERR| Error opening file: Z:\Games\HADES\Content\Win\Packages\FistWeaponSpecial.pkg -- rb (error: No such file or directory)
2025-07-20 19:46:16 [GameAssetManagerLoadThread]   gameassetmanager.cpp:405    ERR| Package load failed FistWeaponSpecial.pkg
2025-07-20 19:46:16 [GameAssetManagerLoadThread]   gameassetmanager.cpp:546   INFO| Package Loaded: FistWeaponSpecial
2025-07-20 19:46:16 [RenderThread   ]     rendercommands.cpp:631   INFO| Resetting RenderMesh Caches. ResetRequest: 1, CacheLoad: 0.00, BufferMaxLoad: 0.00
2025-07-20 19:46:18 [MainThread     ]              world.cpp:1548  INFO| World::Stop()
2025-07-20 19:46:19 [MainThread     ]            program.cpp:336   INFO| Window Inactive
